2024-12-08 22:51:15,304 INFO o.a.j.u.JMeterUtils: Setting Locale to en_EN
2024-12-08 22:51:15,335 INFO o.a.j.JMeter: Loading user properties from: /opt/homebrew/Cellar/jmeter/5.5/libexec/bin/user.properties
2024-12-08 22:51:15,336 INFO o.a.j.JMeter: Loading system properties from: /opt/homebrew/Cellar/jmeter/5.5/libexec/bin/system.properties
2024-12-08 22:51:15,339 INFO o.a.j.JMeter: Copyright (c) 1998-2022 The Apache Software Foundation
2024-12-08 22:51:15,339 INFO o.a.j.JMeter: Version 5.5
2024-12-08 22:51:15,339 INFO o.a.j.JMeter: java.version=21
2024-12-08 22:51:15,340 INFO o.a.j.JMeter: java.vm.name=OpenJDK 64-Bit Server VM
2024-12-08 22:51:15,340 INFO o.a.j.JMeter: os.name=Mac OS X
2024-12-08 22:51:15,340 INFO o.a.j.JMeter: os.arch=aarch64
2024-12-08 22:51:15,340 INFO o.a.j.JMeter: os.version=15.1.1
2024-12-08 22:51:15,340 INFO o.a.j.JMeter: file.encoding=UTF-8
2024-12-08 22:51:15,340 INFO o.a.j.JMeter: java.awt.headless=null
2024-12-08 22:51:15,340 INFO o.a.j.JMeter: Max memory     =1073741824
2024-12-08 22:51:15,340 INFO o.a.j.JMeter: Available Processors =8
2024-12-08 22:51:15,346 INFO o.a.j.JMeter: Default Locale=English (EN)
2024-12-08 22:51:15,347 INFO o.a.j.JMeter: JMeter  Locale=English (EN)
2024-12-08 22:51:15,347 INFO o.a.j.JMeter: JMeterHome=/opt/homebrew/Cellar/jmeter/5.5/libexec
2024-12-08 22:51:15,347 INFO o.a.j.JMeter: user.dir  =/Users/trung/Learn/2024/virtual-thread-playground
2024-12-08 22:51:15,347 INFO o.a.j.JMeter: PWD       =/Users/trung/Learn/2024/virtual-thread-playground
2024-12-08 22:51:15,348 INFO o.a.j.JMeter: IP: 127.0.0.1 Name: Trung-Nguyen.local FullName: localhost
2024-12-08 22:51:15,353 INFO o.a.j.JMeter: Loaded icon properties from org/apache/jmeter/images/icon.properties
2024-12-08 22:51:17,812 INFO o.a.j.JMeterGuiLauncher: Setting LAF to: com.github.weisj.darklaf.DarkLaf:com.github.weisj.darklaf.theme.DarculaTheme
2024-12-08 22:51:19,066 INFO o.j.r.JARSourceHTTP: Requesting https://jmeter-plugins.org/repo/?installID=mac_os_x-588fe21e6f6a1dbcc3bbc73e56d32938-gui
2024-12-08 22:51:25,602 INFO o.j.r.PluginManager: Plugins Status: [jpgc-plugins-manager=1.7, jmeter-core=5.5, jmeter-ftp=5.5, jmeter-http=5.5, jmeter-jdbc=5.5, jmeter-jms=5.5, jmeter-junit=5.5, jmeter-java=5.5, jmeter-ldap=5.5, jmeter-mail=5.5, jmeter-mongodb=5.5, jmeter-native=5.5, jmeter-tcp=5.5, jmeter-components=5.5]
2024-12-08 22:51:25,603 INFO o.j.r.PluginManagerMenuItem: Plugins Manager has upgrades: [jpgc-plugins-manager]
2024-12-08 22:53:57,928 INFO o.a.j.p.h.s.HTTPSamplerBase: Parser for text/html is org.apache.jmeter.protocol.http.parser.LagartoBasedHtmlParser
2024-12-08 22:53:57,928 INFO o.a.j.p.h.s.HTTPSamplerBase: Parser for application/xhtml+xml is org.apache.jmeter.protocol.http.parser.LagartoBasedHtmlParser
2024-12-08 22:53:57,928 INFO o.a.j.p.h.s.HTTPSamplerBase: Parser for application/xml is org.apache.jmeter.protocol.http.parser.LagartoBasedHtmlParser
2024-12-08 22:53:57,928 INFO o.a.j.p.h.s.HTTPSamplerBase: Parser for text/xml is org.apache.jmeter.protocol.http.parser.LagartoBasedHtmlParser
2024-12-08 22:53:57,928 INFO o.a.j.p.h.s.HTTPSamplerBase: Parser for text/vnd.wap.wml is org.apache.jmeter.protocol.http.parser.RegexpHTMLParser
2024-12-08 22:53:57,929 INFO o.a.j.p.h.s.HTTPSamplerBase: Parser for text/css is org.apache.jmeter.protocol.http.parser.CssParser
2024-12-08 22:56:08,572 INFO o.a.j.s.FileServer: Default base='/Users/trung/Learn/2024/virtual-thread-playground'
2024-12-08 22:56:08,573 INFO o.a.j.s.FileServer: Set new base='/Users/trung/Learn/2024/virtual-thread-playground'
2024-12-08 22:56:08,677 INFO o.a.j.s.SaveService: Testplan (JMX) version: 2.2. Testlog (JTL) version: 2.2
2024-12-08 22:56:08,681 INFO o.a.j.s.SaveService: Using SaveService properties version 5.0
2024-12-08 22:56:08,682 INFO o.a.j.s.SaveService: Using SaveService properties file encoding UTF-8
2024-12-08 22:56:26,022 INFO o.a.j.s.SampleResult: Note: Sample TimeStamps are START times
2024-12-08 22:56:26,023 INFO o.a.j.s.SampleResult: sampleresult.default.encoding is set to ISO-8859-1
2024-12-08 22:56:26,023 INFO o.a.j.s.SampleResult: sampleresult.useNanoTime=true
2024-12-08 22:56:26,023 INFO o.a.j.s.SampleResult: sampleresult.nanoThreadSleep=5000
2024-12-08 22:56:26,105 INFO o.a.j.v.ViewResultsFullVisualizer: Add JavaFX to your Java installation if you want to use renderer: org.apache.jmeter.visualizers.RenderInBrowser
2024-12-08 22:56:34,687 INFO o.a.j.e.StandardJMeterEngine: Running the test!
2024-12-08 22:56:34,687 INFO o.a.j.s.SampleEvent: List of sample_variables: []
2024-12-08 22:56:34,687 INFO o.a.j.s.SampleEvent: List of sample_variables: []
2024-12-08 22:56:34,688 INFO o.a.j.e.u.CompoundVariable: Note: Function class names must contain the string: '.functions.'
2024-12-08 22:56:34,688 INFO o.a.j.e.u.CompoundVariable: Note: Function class names must not contain the string: '.gui.'
2024-12-08 22:56:34,710 INFO o.a.j.g.u.JMeterMenuBar: setRunning(true, *local*)
2024-12-08 22:56:34,743 INFO o.a.j.e.StandardJMeterEngine: Starting ThreadGroup: 1 : Thread Group
2024-12-08 22:56:34,744 INFO o.a.j.e.StandardJMeterEngine: Starting 1 threads for group Thread Group.
2024-12-08 22:56:34,744 INFO o.a.j.e.StandardJMeterEngine: Thread will continue on error
2024-12-08 22:56:34,744 INFO o.a.j.t.ThreadGroup: Starting thread group... number=1 threads=1 ramp-up=1 delayedStart=false
2024-12-08 22:56:34,745 INFO o.a.j.t.ThreadGroup: Started thread group number 1
2024-12-08 22:56:34,745 INFO o.a.j.e.StandardJMeterEngine: All thread groups have been started
2024-12-08 22:56:34,745 INFO o.a.j.t.JMeterThread: Thread started: Thread Group 1-1
2024-12-08 22:56:34,749 INFO o.a.j.p.h.s.HTTPHCAbstractImpl: Local host = Trung-Nguyen.local
2024-12-08 22:56:34,753 INFO o.a.j.p.h.s.HTTPHC4Impl: HTTP request retry count = 0
2024-12-08 22:56:35,990 INFO o.a.j.t.JMeterThread: Thread is done: Thread Group 1-1
2024-12-08 22:56:35,991 INFO o.a.j.t.JMeterThread: Thread finished: Thread Group 1-1
2024-12-08 22:56:35,992 INFO o.a.j.e.StandardJMeterEngine: Notifying test listeners of end of test
2024-12-08 22:56:35,992 INFO o.a.j.g.u.JMeterMenuBar: setRunning(false, *local*)
2024-12-08 22:57:05,343 INFO o.a.j.e.StandardJMeterEngine: Running the test!
2024-12-08 22:57:05,344 INFO o.a.j.s.SampleEvent: List of sample_variables: []
2024-12-08 22:57:05,346 INFO o.a.j.g.u.JMeterMenuBar: setRunning(true, *local*)
2024-12-08 22:57:05,381 INFO o.a.j.e.StandardJMeterEngine: Starting ThreadGroup: 1 : Thread Group
2024-12-08 22:57:05,381 INFO o.a.j.e.StandardJMeterEngine: Starting 10 threads for group Thread Group.
2024-12-08 22:57:05,381 INFO o.a.j.e.StandardJMeterEngine: Thread will continue on error
2024-12-08 22:57:05,381 INFO o.a.j.t.ThreadGroup: Starting thread group... number=1 threads=10 ramp-up=1 delayedStart=false
2024-12-08 22:57:05,382 INFO o.a.j.t.JMeterThread: Thread started: Thread Group 1-1
2024-12-08 22:57:05,383 INFO o.a.j.t.ThreadGroup: Started thread group number 1
2024-12-08 22:57:05,383 INFO o.a.j.e.StandardJMeterEngine: All thread groups have been started
2024-12-08 22:57:05,486 INFO o.a.j.t.JMeterThread: Thread started: Thread Group 1-2
2024-12-08 22:57:05,583 INFO o.a.j.t.JMeterThread: Thread started: Thread Group 1-3
2024-12-08 22:57:05,683 INFO o.a.j.t.JMeterThread: Thread started: Thread Group 1-4
2024-12-08 22:57:05,783 INFO o.a.j.t.JMeterThread: Thread started: Thread Group 1-5
2024-12-08 22:57:05,884 INFO o.a.j.t.JMeterThread: Thread started: Thread Group 1-6
2024-12-08 22:57:05,986 INFO o.a.j.t.JMeterThread: Thread started: Thread Group 1-7
2024-12-08 22:57:06,082 INFO o.a.j.t.JMeterThread: Thread started: Thread Group 1-8
2024-12-08 22:57:06,187 INFO o.a.j.t.JMeterThread: Thread started: Thread Group 1-9
2024-12-08 22:57:06,286 INFO o.a.j.t.JMeterThread: Thread started: Thread Group 1-10
2024-12-08 22:57:06,404 INFO o.a.j.t.JMeterThread: Thread is done: Thread Group 1-1
2024-12-08 22:57:06,404 INFO o.a.j.t.JMeterThread: Thread finished: Thread Group 1-1
2024-12-08 22:57:06,503 INFO o.a.j.t.JMeterThread: Thread is done: Thread Group 1-2
2024-12-08 22:57:06,504 INFO o.a.j.t.JMeterThread: Thread finished: Thread Group 1-2
2024-12-08 22:57:06,604 INFO o.a.j.t.JMeterThread: Thread is done: Thread Group 1-3
2024-12-08 22:57:06,604 INFO o.a.j.t.JMeterThread: Thread finished: Thread Group 1-3
2024-12-08 22:57:06,699 INFO o.a.j.t.JMeterThread: Thread is done: Thread Group 1-4
2024-12-08 22:57:06,699 INFO o.a.j.t.JMeterThread: Thread finished: Thread Group 1-4
2024-12-08 22:57:06,806 INFO o.a.j.t.JMeterThread: Thread is done: Thread Group 1-5
2024-12-08 22:57:06,807 INFO o.a.j.t.JMeterThread: Thread finished: Thread Group 1-5
2024-12-08 22:57:06,909 INFO o.a.j.t.JMeterThread: Thread is done: Thread Group 1-6
2024-12-08 22:57:06,909 INFO o.a.j.t.JMeterThread: Thread finished: Thread Group 1-6
2024-12-08 22:57:07,008 INFO o.a.j.t.JMeterThread: Thread is done: Thread Group 1-7
2024-12-08 22:57:07,008 INFO o.a.j.t.JMeterThread: Thread finished: Thread Group 1-7
2024-12-08 22:57:07,104 INFO o.a.j.t.JMeterThread: Thread is done: Thread Group 1-8
2024-12-08 22:57:07,104 INFO o.a.j.t.JMeterThread: Thread finished: Thread Group 1-8
2024-12-08 22:57:07,205 INFO o.a.j.t.JMeterThread: Thread is done: Thread Group 1-9
2024-12-08 22:57:07,205 INFO o.a.j.t.JMeterThread: Thread finished: Thread Group 1-9
2024-12-08 22:57:07,301 INFO o.a.j.t.JMeterThread: Thread is done: Thread Group 1-10
2024-12-08 22:57:07,301 INFO o.a.j.t.JMeterThread: Thread finished: Thread Group 1-10
2024-12-08 22:57:07,302 INFO o.a.j.e.StandardJMeterEngine: Notifying test listeners of end of test
2024-12-08 22:57:07,302 INFO o.a.j.g.u.JMeterMenuBar: setRunning(false, *local*)
2024-12-08 22:57:49,296 INFO o.a.j.e.StandardJMeterEngine: Running the test!
2024-12-08 22:57:49,297 INFO o.a.j.s.SampleEvent: List of sample_variables: []
2024-12-08 22:57:49,298 INFO o.a.j.g.u.JMeterMenuBar: setRunning(true, *local*)
2024-12-08 22:57:49,326 INFO o.a.j.e.StandardJMeterEngine: Starting ThreadGroup: 1 : Thread Group
2024-12-08 22:57:49,326 INFO o.a.j.e.StandardJMeterEngine: Starting 10 threads for group Thread Group.
2024-12-08 22:57:49,326 INFO o.a.j.e.StandardJMeterEngine: Thread will continue on error
2024-12-08 22:57:49,326 INFO o.a.j.t.ThreadGroup: Starting thread group... number=1 threads=10 ramp-up=1 delayedStart=false
2024-12-08 22:57:49,327 INFO o.a.j.t.JMeterThread: Thread started: Thread Group 1-1
2024-12-08 22:57:49,329 INFO o.a.j.t.ThreadGroup: Started thread group number 1
2024-12-08 22:57:49,329 INFO o.a.j.e.StandardJMeterEngine: All thread groups have been started
2024-12-08 22:57:49,431 INFO o.a.j.t.JMeterThread: Thread started: Thread Group 1-2
2024-12-08 22:57:49,531 INFO o.a.j.t.JMeterThread: Thread started: Thread Group 1-3
2024-12-08 22:57:49,630 INFO o.a.j.t.JMeterThread: Thread started: Thread Group 1-4
2024-12-08 22:57:49,728 INFO o.a.j.t.JMeterThread: Thread started: Thread Group 1-5
2024-12-08 22:57:49,831 INFO o.a.j.t.JMeterThread: Thread started: Thread Group 1-6
2024-12-08 22:57:49,931 INFO o.a.j.t.JMeterThread: Thread started: Thread Group 1-7
2024-12-08 22:57:50,032 INFO o.a.j.t.JMeterThread: Thread started: Thread Group 1-8
2024-12-08 22:57:50,131 INFO o.a.j.t.JMeterThread: Thread started: Thread Group 1-9
2024-12-08 22:57:50,227 INFO o.a.j.t.JMeterThread: Thread started: Thread Group 1-10
2024-12-08 22:57:50,349 INFO o.a.j.t.JMeterThread: Thread is done: Thread Group 1-1
2024-12-08 22:57:50,349 INFO o.a.j.t.JMeterThread: Thread finished: Thread Group 1-1
2024-12-08 22:57:50,449 INFO o.a.j.t.JMeterThread: Thread is done: Thread Group 1-2
2024-12-08 22:57:50,449 INFO o.a.j.t.JMeterThread: Thread finished: Thread Group 1-2
2024-12-08 22:57:50,546 INFO o.a.j.t.JMeterThread: Thread is done: Thread Group 1-3
2024-12-08 22:57:50,546 INFO o.a.j.t.JMeterThread: Thread finished: Thread Group 1-3
2024-12-08 22:57:50,646 INFO o.a.j.t.JMeterThread: Thread is done: Thread Group 1-4
2024-12-08 22:57:50,646 INFO o.a.j.t.JMeterThread: Thread finished: Thread Group 1-4
2024-12-08 22:57:50,748 INFO o.a.j.t.JMeterThread: Thread is done: Thread Group 1-5
2024-12-08 22:57:50,748 INFO o.a.j.t.JMeterThread: Thread finished: Thread Group 1-5
2024-12-08 22:57:50,848 INFO o.a.j.t.JMeterThread: Thread is done: Thread Group 1-6
2024-12-08 22:57:50,848 INFO o.a.j.t.JMeterThread: Thread finished: Thread Group 1-6
2024-12-08 22:57:50,957 INFO o.a.j.t.JMeterThread: Thread is done: Thread Group 1-7
2024-12-08 22:57:50,957 INFO o.a.j.t.JMeterThread: Thread finished: Thread Group 1-7
2024-12-08 22:57:51,052 INFO o.a.j.t.JMeterThread: Thread is done: Thread Group 1-8
2024-12-08 22:57:51,052 INFO o.a.j.t.JMeterThread: Thread finished: Thread Group 1-8
2024-12-08 22:57:51,152 INFO o.a.j.t.JMeterThread: Thread is done: Thread Group 1-9
2024-12-08 22:57:51,152 INFO o.a.j.t.JMeterThread: Thread finished: Thread Group 1-9
2024-12-08 22:57:51,253 INFO o.a.j.t.JMeterThread: Thread is done: Thread Group 1-10
2024-12-08 22:57:51,253 INFO o.a.j.t.JMeterThread: Thread finished: Thread Group 1-10
2024-12-08 22:57:51,254 INFO o.a.j.e.StandardJMeterEngine: Notifying test listeners of end of test
2024-12-08 22:57:51,254 INFO o.a.j.g.u.JMeterMenuBar: setRunning(false, *local*)
2024-12-08 22:58:42,847 INFO o.a.j.e.StandardJMeterEngine: Running the test!
2024-12-08 22:58:42,847 INFO o.a.j.s.SampleEvent: List of sample_variables: []
2024-12-08 22:58:42,848 INFO o.a.j.g.u.JMeterMenuBar: setRunning(true, *local*)
2024-12-08 22:58:42,879 INFO o.a.j.e.StandardJMeterEngine: Starting ThreadGroup: 1 : Thread Group
2024-12-08 22:58:42,879 INFO o.a.j.e.StandardJMeterEngine: Starting 10 threads for group Thread Group.
2024-12-08 22:58:42,879 INFO o.a.j.e.StandardJMeterEngine: Thread will continue on error
2024-12-08 22:58:42,879 INFO o.a.j.t.ThreadGroup: Starting thread group... number=1 threads=10 ramp-up=1 delayedStart=false
2024-12-08 22:58:42,880 INFO o.a.j.t.JMeterThread: Thread started: Thread Group 1-1
2024-12-08 22:58:42,881 INFO o.a.j.t.ThreadGroup: Started thread group number 1
2024-12-08 22:58:42,882 INFO o.a.j.e.StandardJMeterEngine: All thread groups have been started
2024-12-08 22:58:42,984 INFO o.a.j.t.JMeterThread: Thread started: Thread Group 1-2
2024-12-08 22:58:43,085 INFO o.a.j.t.JMeterThread: Thread started: Thread Group 1-3
2024-12-08 22:58:43,185 INFO o.a.j.t.JMeterThread: Thread started: Thread Group 1-4
2024-12-08 22:58:43,285 INFO o.a.j.t.JMeterThread: Thread started: Thread Group 1-5
2024-12-08 22:58:43,379 INFO o.a.j.t.JMeterThread: Thread started: Thread Group 1-6
2024-12-08 22:58:43,484 INFO o.a.j.t.JMeterThread: Thread started: Thread Group 1-7
2024-12-08 22:58:43,582 INFO o.a.j.t.JMeterThread: Thread started: Thread Group 1-8
2024-12-08 22:58:43,681 INFO o.a.j.t.JMeterThread: Thread started: Thread Group 1-9
2024-12-08 22:58:43,785 INFO o.a.j.t.JMeterThread: Thread started: Thread Group 1-10
2024-12-08 22:58:43,899 INFO o.a.j.t.JMeterThread: Thread is done: Thread Group 1-1
2024-12-08 22:58:43,899 INFO o.a.j.t.JMeterThread: Thread finished: Thread Group 1-1
2024-12-08 22:58:43,998 INFO o.a.j.t.JMeterThread: Thread is done: Thread Group 1-2
2024-12-08 22:58:43,999 INFO o.a.j.t.JMeterThread: Thread finished: Thread Group 1-2
2024-12-08 22:58:44,099 INFO o.a.j.t.JMeterThread: Thread is done: Thread Group 1-3
2024-12-08 22:58:44,099 INFO o.a.j.t.JMeterThread: Thread finished: Thread Group 1-3
2024-12-08 22:58:44,205 INFO o.a.j.t.JMeterThread: Thread is done: Thread Group 1-4
2024-12-08 22:58:44,205 INFO o.a.j.t.JMeterThread: Thread finished: Thread Group 1-4
2024-12-08 22:58:44,306 INFO o.a.j.t.JMeterThread: Thread is done: Thread Group 1-5
2024-12-08 22:58:44,306 INFO o.a.j.t.JMeterThread: Thread finished: Thread Group 1-5
2024-12-08 22:58:44,395 INFO o.a.j.t.JMeterThread: Thread is done: Thread Group 1-6
2024-12-08 22:58:44,395 INFO o.a.j.t.JMeterThread: Thread finished: Thread Group 1-6
2024-12-08 22:58:44,497 INFO o.a.j.t.JMeterThread: Thread is done: Thread Group 1-7
2024-12-08 22:58:44,497 INFO o.a.j.t.JMeterThread: Thread finished: Thread Group 1-7
2024-12-08 22:58:44,598 INFO o.a.j.t.JMeterThread: Thread is done: Thread Group 1-8
2024-12-08 22:58:44,598 INFO o.a.j.t.JMeterThread: Thread finished: Thread Group 1-8
2024-12-08 22:58:44,695 INFO o.a.j.t.JMeterThread: Thread is done: Thread Group 1-9
2024-12-08 22:58:44,696 INFO o.a.j.t.JMeterThread: Thread finished: Thread Group 1-9
2024-12-08 22:58:44,797 INFO o.a.j.t.JMeterThread: Thread is done: Thread Group 1-10
2024-12-08 22:58:44,797 INFO o.a.j.t.JMeterThread: Thread finished: Thread Group 1-10
2024-12-08 22:58:44,797 INFO o.a.j.e.StandardJMeterEngine: Notifying test listeners of end of test
2024-12-08 22:58:44,798 INFO o.a.j.g.u.JMeterMenuBar: setRunning(false, *local*)
2024-12-08 22:59:22,608 INFO o.a.j.e.StandardJMeterEngine: Running the test!
2024-12-08 22:59:22,609 INFO o.a.j.s.SampleEvent: List of sample_variables: []
2024-12-08 22:59:22,610 INFO o.a.j.g.u.JMeterMenuBar: setRunning(true, *local*)
2024-12-08 22:59:22,638 INFO o.a.j.e.StandardJMeterEngine: Starting ThreadGroup: 1 : Thread Group
2024-12-08 22:59:22,638 INFO o.a.j.e.StandardJMeterEngine: Starting 10 threads for group Thread Group.
2024-12-08 22:59:22,638 INFO o.a.j.e.StandardJMeterEngine: Thread will continue on error
2024-12-08 22:59:22,638 INFO o.a.j.t.ThreadGroup: Starting thread group... number=1 threads=10 ramp-up=10 delayedStart=false
2024-12-08 22:59:22,639 INFO o.a.j.t.JMeterThread: Thread started: Thread Group 1-1
2024-12-08 22:59:22,640 INFO o.a.j.t.ThreadGroup: Started thread group number 1
2024-12-08 22:59:22,640 INFO o.a.j.e.StandardJMeterEngine: All thread groups have been started
2024-12-08 22:59:23,642 INFO o.a.j.t.JMeterThread: Thread started: Thread Group 1-2
2024-12-08 22:59:23,654 INFO o.a.j.t.JMeterThread: Thread is done: Thread Group 1-1
2024-12-08 22:59:23,654 INFO o.a.j.t.JMeterThread: Thread finished: Thread Group 1-1
2024-12-08 22:59:24,643 INFO o.a.j.t.JMeterThread: Thread started: Thread Group 1-3
2024-12-08 22:59:24,656 INFO o.a.j.t.JMeterThread: Thread is done: Thread Group 1-2
2024-12-08 22:59:24,656 INFO o.a.j.t.JMeterThread: Thread finished: Thread Group 1-2
2024-12-08 22:59:25,643 INFO o.a.j.t.JMeterThread: Thread started: Thread Group 1-4
2024-12-08 22:59:25,655 INFO o.a.j.t.JMeterThread: Thread is done: Thread Group 1-3
2024-12-08 22:59:25,655 INFO o.a.j.t.JMeterThread: Thread finished: Thread Group 1-3
2024-12-08 22:59:26,643 INFO o.a.j.t.JMeterThread: Thread started: Thread Group 1-5
2024-12-08 22:59:26,657 INFO o.a.j.t.JMeterThread: Thread is done: Thread Group 1-4
2024-12-08 22:59:26,657 INFO o.a.j.t.JMeterThread: Thread finished: Thread Group 1-4
2024-12-08 22:59:27,643 INFO o.a.j.t.JMeterThread: Thread started: Thread Group 1-6
2024-12-08 22:59:27,658 INFO o.a.j.t.JMeterThread: Thread is done: Thread Group 1-5
2024-12-08 22:59:27,658 INFO o.a.j.t.JMeterThread: Thread finished: Thread Group 1-5
2024-12-08 22:59:28,644 INFO o.a.j.t.JMeterThread: Thread started: Thread Group 1-7
2024-12-08 22:59:28,663 INFO o.a.j.t.JMeterThread: Thread is done: Thread Group 1-6
2024-12-08 22:59:28,664 INFO o.a.j.t.JMeterThread: Thread finished: Thread Group 1-6
2024-12-08 22:59:29,644 INFO o.a.j.t.JMeterThread: Thread started: Thread Group 1-8
2024-12-08 22:59:29,662 INFO o.a.j.t.JMeterThread: Thread is done: Thread Group 1-7
2024-12-08 22:59:29,662 INFO o.a.j.t.JMeterThread: Thread finished: Thread Group 1-7
2024-12-08 22:59:30,643 INFO o.a.j.t.JMeterThread: Thread started: Thread Group 1-9
2024-12-08 22:59:30,657 INFO o.a.j.t.JMeterThread: Thread is done: Thread Group 1-8
2024-12-08 22:59:30,657 INFO o.a.j.t.JMeterThread: Thread finished: Thread Group 1-8
2024-12-08 22:59:31,150 INFO o.a.j.g.a.Start: Shutting test down
2024-12-08 22:59:31,176 INFO o.a.j.t.JMeterThread: Stopping: Thread Group 1-9
2024-12-08 22:59:31,177 INFO o.a.j.t.JMeterThread: Stopping: Thread Group 1-10
2024-12-08 22:59:31,644 INFO o.a.j.t.JMeterThread: Thread started: Thread Group 1-10
2024-12-08 22:59:31,645 INFO o.a.j.t.JMeterThread: Thread finished: Thread Group 1-10
2024-12-08 22:59:31,658 INFO o.a.j.t.JMeterThread: Thread is done: Thread Group 1-9
2024-12-08 22:59:31,658 INFO o.a.j.t.JMeterThread: Thread finished: Thread Group 1-9
2024-12-08 22:59:31,658 INFO o.a.j.e.StandardJMeterEngine: Notifying test listeners of end of test
2024-12-08 22:59:31,658 INFO o.a.j.g.u.JMeterMenuBar: setRunning(false, *local*)
2024-12-08 22:59:37,956 INFO o.a.j.e.StandardJMeterEngine: Running the test!
2024-12-08 22:59:37,957 INFO o.a.j.s.SampleEvent: List of sample_variables: []
2024-12-08 22:59:37,957 INFO o.a.j.g.u.JMeterMenuBar: setRunning(true, *local*)
2024-12-08 22:59:37,984 INFO o.a.j.e.StandardJMeterEngine: Starting ThreadGroup: 1 : Thread Group
2024-12-08 22:59:37,984 INFO o.a.j.e.StandardJMeterEngine: Starting 10 threads for group Thread Group.
2024-12-08 22:59:37,984 INFO o.a.j.e.StandardJMeterEngine: Thread will continue on error
2024-12-08 22:59:37,984 INFO o.a.j.t.ThreadGroup: Starting thread group... number=1 threads=10 ramp-up=10 delayedStart=false
2024-12-08 22:59:37,985 INFO o.a.j.t.JMeterThread: Thread started: Thread Group 1-1
2024-12-08 22:59:37,987 INFO o.a.j.t.ThreadGroup: Started thread group number 1
2024-12-08 22:59:37,987 INFO o.a.j.e.StandardJMeterEngine: All thread groups have been started
2024-12-08 22:59:38,989 INFO o.a.j.t.JMeterThread: Thread started: Thread Group 1-2
2024-12-08 22:59:38,999 INFO o.a.j.t.JMeterThread: Thread is done: Thread Group 1-1
2024-12-08 22:59:39,000 INFO o.a.j.t.JMeterThread: Thread finished: Thread Group 1-1
2024-12-08 22:59:39,990 INFO o.a.j.t.JMeterThread: Thread started: Thread Group 1-3
2024-12-08 22:59:40,007 INFO o.a.j.t.JMeterThread: Thread is done: Thread Group 1-2
2024-12-08 22:59:40,007 INFO o.a.j.t.JMeterThread: Thread finished: Thread Group 1-2
2024-12-08 22:59:40,991 INFO o.a.j.t.JMeterThread: Thread started: Thread Group 1-4
2024-12-08 22:59:41,007 INFO o.a.j.t.JMeterThread: Thread is done: Thread Group 1-3
2024-12-08 22:59:41,007 INFO o.a.j.t.JMeterThread: Thread finished: Thread Group 1-3
2024-12-08 22:59:41,991 INFO o.a.j.t.JMeterThread: Thread started: Thread Group 1-5
2024-12-08 22:59:42,010 INFO o.a.j.t.JMeterThread: Thread is done: Thread Group 1-4
2024-12-08 22:59:42,010 INFO o.a.j.t.JMeterThread: Thread finished: Thread Group 1-4
2024-12-08 22:59:42,991 INFO o.a.j.t.JMeterThread: Thread started: Thread Group 1-6
2024-12-08 22:59:43,009 INFO o.a.j.t.JMeterThread: Thread is done: Thread Group 1-5
2024-12-08 22:59:43,009 INFO o.a.j.t.JMeterThread: Thread finished: Thread Group 1-5
2024-12-08 22:59:43,990 INFO o.a.j.t.JMeterThread: Thread started: Thread Group 1-7
2024-12-08 22:59:44,006 INFO o.a.j.t.JMeterThread: Thread is done: Thread Group 1-6
2024-12-08 22:59:44,006 INFO o.a.j.t.JMeterThread: Thread finished: Thread Group 1-6
2024-12-08 22:59:44,990 INFO o.a.j.t.JMeterThread: Thread started: Thread Group 1-8
2024-12-08 22:59:45,004 INFO o.a.j.t.JMeterThread: Thread is done: Thread Group 1-7
2024-12-08 22:59:45,004 INFO o.a.j.t.JMeterThread: Thread finished: Thread Group 1-7
2024-12-08 22:59:45,990 INFO o.a.j.t.JMeterThread: Thread started: Thread Group 1-9
2024-12-08 22:59:46,007 INFO o.a.j.t.JMeterThread: Thread is done: Thread Group 1-8
2024-12-08 22:59:46,008 INFO o.a.j.t.JMeterThread: Thread finished: Thread Group 1-8
2024-12-08 22:59:46,990 INFO o.a.j.t.JMeterThread: Thread started: Thread Group 1-10
2024-12-08 22:59:47,009 INFO o.a.j.t.JMeterThread: Thread is done: Thread Group 1-9
2024-12-08 22:59:47,009 INFO o.a.j.t.JMeterThread: Thread finished: Thread Group 1-9
2024-12-08 22:59:48,014 INFO o.a.j.t.JMeterThread: Thread is done: Thread Group 1-10
2024-12-08 22:59:48,014 INFO o.a.j.t.JMeterThread: Thread finished: Thread Group 1-10
2024-12-08 22:59:48,015 INFO o.a.j.e.StandardJMeterEngine: Notifying test listeners of end of test
2024-12-08 22:59:48,015 INFO o.a.j.g.u.JMeterMenuBar: setRunning(false, *local*)
2024-12-08 23:00:40,542 INFO o.a.j.e.StandardJMeterEngine: Running the test!
2024-12-08 23:00:40,543 INFO o.a.j.s.SampleEvent: List of sample_variables: []
2024-12-08 23:00:40,544 INFO o.a.j.g.u.JMeterMenuBar: setRunning(true, *local*)
2024-12-08 23:00:40,571 INFO o.a.j.e.StandardJMeterEngine: Starting ThreadGroup: 1 : Thread Group
2024-12-08 23:00:40,571 INFO o.a.j.e.StandardJMeterEngine: Starting 10 threads for group Thread Group.
2024-12-08 23:00:40,571 INFO o.a.j.e.StandardJMeterEngine: Thread will continue on error
2024-12-08 23:00:40,571 INFO o.a.j.t.ThreadGroup: Starting thread group... number=1 threads=10 ramp-up=10 delayedStart=true
2024-12-08 23:00:40,572 INFO o.a.j.t.ThreadGroup: Started thread group number 1
2024-12-08 23:00:40,572 INFO o.a.j.e.StandardJMeterEngine: All thread groups have been started
2024-12-08 23:00:40,572 INFO o.a.j.t.JMeterThread: Thread started: Thread Group 1-1
2024-12-08 23:00:41,690 INFO o.a.j.t.JMeterThread: Thread started: Thread Group 1-2
2024-12-08 23:00:42,805 INFO o.a.j.t.JMeterThread: Thread started: Thread Group 1-3
2024-12-08 23:00:43,920 INFO o.a.j.t.JMeterThread: Thread started: Thread Group 1-4
2024-12-08 23:00:45,036 INFO o.a.j.t.JMeterThread: Thread started: Thread Group 1-5
2024-12-08 23:00:46,144 INFO o.a.j.t.JMeterThread: Thread started: Thread Group 1-6
2024-12-08 23:00:46,484 INFO o.a.j.g.a.Start: Shutting test down
2024-12-08 23:00:46,508 INFO o.a.j.t.JMeterThread: Stopping: Thread Group 1-1
2024-12-08 23:00:46,509 INFO o.a.j.t.JMeterThread: Stopping: Thread Group 1-5
2024-12-08 23:00:46,509 INFO o.a.j.t.JMeterThread: Stopping: Thread Group 1-2
2024-12-08 23:00:46,509 INFO o.a.j.t.JMeterThread: Stopping: Thread Group 1-4
2024-12-08 23:00:46,509 INFO o.a.j.t.JMeterThread: Stopping: Thread Group 1-6
2024-12-08 23:00:46,509 INFO o.a.j.t.JMeterThread: Stopping: Thread Group 1-3
2024-12-08 23:00:46,509 INFO o.a.j.t.JMeterThread: Thread started: Thread Group 1-7
2024-12-08 23:00:46,665 INFO o.a.j.t.JMeterThread: Thread finished: Thread Group 1-1
2024-12-08 23:00:46,763 INFO o.a.j.t.JMeterThread: Thread finished: Thread Group 1-2
2024-12-08 23:00:46,880 INFO o.a.j.t.JMeterThread: Thread finished: Thread Group 1-3
2024-12-08 23:00:46,963 INFO o.a.j.t.JMeterThread: Thread finished: Thread Group 1-4
2024-12-08 23:00:47,066 INFO o.a.j.t.JMeterThread: Thread finished: Thread Group 1-5
2024-12-08 23:00:47,166 INFO o.a.j.t.JMeterThread: Thread finished: Thread Group 1-6
2024-12-08 23:00:55,657 INFO o.a.j.t.JMeterThread: Stopping because end time detected by thread: Thread Group 1-7
2024-12-08 23:00:55,658 INFO o.a.j.t.JMeterThread: Thread finished: Thread Group 1-7
2024-12-08 23:00:55,659 INFO o.a.j.e.StandardJMeterEngine: Notifying test listeners of end of test
2024-12-08 23:00:55,659 INFO o.a.j.g.u.JMeterMenuBar: setRunning(false, *local*)
2024-12-08 23:00:59,523 INFO o.a.j.e.StandardJMeterEngine: Running the test!
2024-12-08 23:00:59,523 INFO o.a.j.s.SampleEvent: List of sample_variables: []
2024-12-08 23:00:59,524 INFO o.a.j.g.u.JMeterMenuBar: setRunning(true, *local*)
2024-12-08 23:00:59,551 INFO o.a.j.e.StandardJMeterEngine: Starting ThreadGroup: 1 : Thread Group
2024-12-08 23:00:59,552 INFO o.a.j.e.StandardJMeterEngine: Starting 10 threads for group Thread Group.
2024-12-08 23:00:59,552 INFO o.a.j.e.StandardJMeterEngine: Thread will continue on error
2024-12-08 23:00:59,552 INFO o.a.j.t.ThreadGroup: Starting thread group... number=1 threads=10 ramp-up=10 delayedStart=true
2024-12-08 23:00:59,552 INFO o.a.j.t.ThreadGroup: Started thread group number 1
2024-12-08 23:00:59,552 INFO o.a.j.e.StandardJMeterEngine: All thread groups have been started
2024-12-08 23:00:59,552 INFO o.a.j.t.JMeterThread: Thread started: Thread Group 1-1
2024-12-08 23:01:00,669 INFO o.a.j.t.JMeterThread: Thread started: Thread Group 1-2
2024-12-08 23:01:01,783 INFO o.a.j.t.JMeterThread: Thread started: Thread Group 1-3
2024-12-08 23:01:02,898 INFO o.a.j.t.JMeterThread: Thread started: Thread Group 1-4
2024-12-08 23:01:04,013 INFO o.a.j.t.JMeterThread: Thread started: Thread Group 1-5
2024-12-08 23:01:05,122 INFO o.a.j.t.JMeterThread: Thread started: Thread Group 1-6
2024-12-08 23:01:06,234 INFO o.a.j.t.JMeterThread: Thread started: Thread Group 1-7
2024-12-08 23:01:07,346 INFO o.a.j.t.JMeterThread: Thread started: Thread Group 1-8
2024-12-08 23:01:08,454 INFO o.a.j.t.JMeterThread: Thread started: Thread Group 1-9
2024-12-08 23:01:09,559 INFO o.a.j.t.JMeterThread: Thread started: Thread Group 1-10
2024-12-08 23:01:14,624 INFO o.a.j.t.JMeterThread: Stopping because end time detected by thread: Thread Group 1-10
2024-12-08 23:01:14,625 INFO o.a.j.t.JMeterThread: Thread finished: Thread Group 1-10
2024-12-08 23:01:14,768 INFO o.a.j.t.JMeterThread: Stopping because end time detected by thread: Thread Group 1-1
2024-12-08 23:01:14,769 INFO o.a.j.t.JMeterThread: Thread finished: Thread Group 1-1
2024-12-08 23:01:14,865 INFO o.a.j.t.JMeterThread: Stopping because end time detected by thread: Thread Group 1-2
2024-12-08 23:01:14,865 INFO o.a.j.t.JMeterThread: Thread finished: Thread Group 1-2
2024-12-08 23:01:14,965 INFO o.a.j.t.JMeterThread: Stopping because end time detected by thread: Thread Group 1-3
2024-12-08 23:01:14,965 INFO o.a.j.t.JMeterThread: Thread finished: Thread Group 1-3
2024-12-08 23:01:15,065 INFO o.a.j.t.JMeterThread: Stopping because end time detected by thread: Thread Group 1-4
2024-12-08 23:01:15,065 INFO o.a.j.t.JMeterThread: Thread finished: Thread Group 1-4
2024-12-08 23:01:15,175 INFO o.a.j.t.JMeterThread: Stopping because end time detected by thread: Thread Group 1-5
2024-12-08 23:01:15,176 INFO o.a.j.t.JMeterThread: Thread finished: Thread Group 1-5
2024-12-08 23:01:15,254 INFO o.a.j.t.JMeterThread: Stopping because end time detected by thread: Thread Group 1-6
2024-12-08 23:01:15,254 INFO o.a.j.t.JMeterThread: Thread finished: Thread Group 1-6
2024-12-08 23:01:15,366 INFO o.a.j.t.JMeterThread: Stopping because end time detected by thread: Thread Group 1-7
2024-12-08 23:01:15,366 INFO o.a.j.t.JMeterThread: Thread finished: Thread Group 1-7
2024-12-08 23:01:15,462 INFO o.a.j.t.JMeterThread: Stopping because end time detected by thread: Thread Group 1-8
2024-12-08 23:01:15,462 INFO o.a.j.t.JMeterThread: Thread finished: Thread Group 1-8
2024-12-08 23:01:15,540 INFO o.a.j.t.JMeterThread: Stopping because end time detected by thread: Thread Group 1-9
2024-12-08 23:01:15,540 INFO o.a.j.t.JMeterThread: Thread finished: Thread Group 1-9
2024-12-08 23:01:15,541 INFO o.a.j.e.StandardJMeterEngine: Notifying test listeners of end of test
2024-12-08 23:01:15,542 INFO o.a.j.g.u.JMeterMenuBar: setRunning(false, *local*)
